#
# There is insufficient memory for the Java Runtime Environment to continue.
# Native memory allocation (malloc) failed to allocate 318096 bytes. Error detail: Chunk::new
# Possible reasons:
#   The system is out of physical RAM or swap space
#   This process is running with CompressedOops enabled, and the Java Heap may be blocking the growth of the native heap
# Possible solutions:
#   Reduce memory load on the system
#   Increase physical memory or swap space
#   Check if swap backing store is full
#   Decrease Java heap size (-Xmx/-Xms)
#   Decrease number of Java threads
#   Decrease Java thread stack sizes (-Xss)
#   Set larger code cache with -XX:ReservedCodeCacheSize=
#   JVM is running with Unscaled Compressed Oops mode in which the Java heap is
#     placed in the first 4GB address space. The Java Heap base address is the
#     maximum limit for the native heap growth. Please use -XX:HeapBaseMinAddress
#     to set the Java Heap base and to place the Java Heap above 4GB virtual address.
# This output file may be truncated or incomplete.
#
#  Out of Memory Error (arena.cpp:191), pid=29880, tid=25244
#
# JRE version: OpenJDK Runtime Environment Temurin-17.0.13+11 (17.0.13+11) (build 17.0.13+11)
# Java VM: OpenJDK 64-Bit Server VM Temurin-17.0.13+11 (17.0.13+11, mixed mode, tiered, compressed oops, compressed class ptrs, parallel gc, windows-amd64)
# No core dump will be written. Minidumps are not enabled by default on client versions of Windows
#

---------------  S U M M A R Y ------------

Command Line: --add-modules=ALL-SYSTEM --add-opens=java.base/java.util=ALL-UNNAMED --add-opens=java.base/java.lang=ALL-UNNAMED --add-opens=java.base/sun.nio.fs=ALL-UNNAMED -Declipse.application=org.eclipse.jdt.ls.core.id1 -Dosgi.bundles.defaultStartLevel=4 -Declipse.product=org.eclipse.jdt.ls.core.product -Djava.import.generatesMetadataFilesAtProjectRoot=false -DDetectVMInstallationsJob.disabled=true -Dfile.encoding=utf8 -XX:+UseParallelGC -XX:GCTimeRatio=4 -XX:AdaptiveSizePolicyWeight=90 -Dsun.zip.disableMemoryMapping=true -Xmx1G -Xms100m -Xlog:disable -javaagent:c:\Users\deuna\.vscode\extensions\redhat.java-1.36.0-win32-x64\lombok\lombok-1.18.35.jar -XX:+HeapDumpOnOutOfMemoryError -XX:HeapDumpPath=c:\Users\deuna\AppData\Roaming\Code\User\workspaceStorage\9980a723879d470fa80fbb1e67ecc884\redhat.java -Daether.dependencyCollector.impl=bf c:\Users\deuna\.vscode\extensions\redhat.java-1.36.0-win32-x64\server\plugins\org.eclipse.equinox.launcher_1.6.900.v20240613-2009.jar -configuration c:\Users\deuna\AppData\Roaming\Code\User\globalStorage\redhat.java\1.36.0\config_win -data c:\Users\deuna\AppData\Roaming\Code\User\workspaceStorage\9980a723879d470fa80fbb1e67ecc884\redhat.java\jdt_ws --pipe=\\.\pipe\lsp-0d4a4d78542b3b52fd3878de91152210-sock

Host: Intel(R) Core(TM) i5-10400F CPU @ 2.90GHz, 12 cores, 15G,  Windows 11 , 64 bit Build 22621 (10.0.22621.4391)
Time: Wed Nov 20 16:12:38 2024 Hora Padrão da Bahia elapsed time: 3.273415 seconds (0d 0h 0m 3s)

---------------  T H R E A D  ---------------

Current thread (0x000002b131d87ef0):  JavaThread "C2 CompilerThread0" daemon [_thread_in_native, id=25244, stack(0x000000cd5cb00000,0x000000cd5cc00000)]


Current CompileTask:
C2:   3273 2091       4       org.eclipse.osgi.framework.util.CaseInsensitiveDictionaryMap::findCommonKeyIndex (930 bytes)

Stack: [0x000000cd5cb00000,0x000000cd5cc00000]
Native frames: (J=compiled Java code, j=interpreted, Vv=VM code, C=native code)
V  [jvm.dll+0x682a19]
V  [jvm.dll+0x839538]
V  [jvm.dll+0x83afe3]
V  [jvm.dll+0x83b653]
V  [jvm.dll+0x24704f]
V  [jvm.dll+0xace34]
V  [jvm.dll+0xad4cc]
V  [jvm.dll+0x36592f]
V  [jvm.dll+0x32fbd8]
V  [jvm.dll+0x32f05a]
V  [jvm.dll+0x21804f]
V  [jvm.dll+0x21748f]
V  [jvm.dll+0x1a3070]
V  [jvm.dll+0x22788c]
V  [jvm.dll+0x2259eb]
V  [jvm.dll+0x7eec98]
V  [jvm.dll+0x7e8ffc]
V  [jvm.dll+0x6818f7]
C  [ucrtbase.dll+0x29333]
C  [KERNEL32.DLL+0x1259d]
C  [ntdll.dll+0x5af38]


---------------  P R O C E S S  ---------------

Threads class SMR info:
_java_thread_list=0x000002b134299740, length=17, elements={
0x000002b118e33d80, 0x000002b12ccb7ab0, 0x000002b12ccb8380, 0x000002b131d833c0,
0x000002b131d83c90, 0x000002b131d84760, 0x000002b131d85230, 0x000002b131d87ef0,
0x000002b131de1770, 0x000002b131dec430, 0x000002b131e70c60, 0x000002b1320c75b0,
0x000002b133d467c0, 0x000002b133fda470, 0x000002b13421a550, 0x000002b133e75440,
0x000002b1344c7a40
}

Java Threads: ( => current thread )
  0x000002b118e33d80 JavaThread "main" [_thread_blocked, id=9100, stack(0x000000cd5c200000,0x000000cd5c300000)]
  0x000002b12ccb7ab0 JavaThread "Reference Handler" daemon [_thread_blocked, id=30284, stack(0x000000cd5c500000,0x000000cd5c600000)]
  0x000002b12ccb8380 JavaThread "Finalizer" daemon [_thread_blocked, id=18868, stack(0x000000cd5c600000,0x000000cd5c700000)]
  0x000002b131d833c0 JavaThread "Signal Dispatcher" daemon [_thread_blocked, id=31028, stack(0x000000cd5c700000,0x000000cd5c800000)]
  0x000002b131d83c90 JavaThread "Attach Listener" daemon [_thread_blocked, id=12400, stack(0x000000cd5c800000,0x000000cd5c900000)]
  0x000002b131d84760 JavaThread "Service Thread" daemon [_thread_blocked, id=24508, stack(0x000000cd5c900000,0x000000cd5ca00000)]
  0x000002b131d85230 JavaThread "Monitor Deflation Thread" daemon [_thread_blocked, id=11320, stack(0x000000cd5ca00000,0x000000cd5cb00000)]
=>0x000002b131d87ef0 JavaThread "C2 CompilerThread0" daemon [_thread_in_native, id=25244, stack(0x000000cd5cb00000,0x000000cd5cc00000)]
  0x000002b131de1770 JavaThread "C1 CompilerThread0" daemon [_thread_blocked, id=1584, stack(0x000000cd5cc00000,0x000000cd5cd00000)]
  0x000002b131dec430 JavaThread "Sweeper thread" daemon [_thread_blocked, id=32516, stack(0x000000cd5cd00000,0x000000cd5ce00000)]
  0x000002b131e70c60 JavaThread "Common-Cleaner" daemon [_thread_blocked, id=22412, stack(0x000000cd5ce00000,0x000000cd5cf00000)]
  0x000002b1320c75b0 JavaThread "Notification Thread" daemon [_thread_blocked, id=24896, stack(0x000000cd5d000000,0x000000cd5d100000)]
  0x000002b133d467c0 JavaThread "Active Thread: Equinox Container: d6f5642c-017d-4b2c-a1f4-ee0866f74345" [_thread_blocked, id=24952, stack(0x000000cd5d800000,0x000000cd5d900000)]
  0x000002b133fda470 JavaThread "Refresh Thread: Equinox Container: d6f5642c-017d-4b2c-a1f4-ee0866f74345" daemon [_thread_blocked, id=35668, stack(0x000000cd5d900000,0x000000cd5da00000)]
  0x000002b13421a550 JavaThread "Framework Event Dispatcher: Equinox Container: d6f5642c-017d-4b2c-a1f4-ee0866f74345" daemon [_thread_blocked, id=29088, stack(0x000000cd5da00000,0x000000cd5db00000)]
  0x000002b133e75440 JavaThread "Start Level: Equinox Container: d6f5642c-017d-4b2c-a1f4-ee0866f74345" daemon [_thread_in_native, id=32372, stack(0x000000cd5db00000,0x000000cd5dc00000)]
  0x000002b1344c7a40 JavaThread "Bundle File Closer" daemon [_thread_blocked, id=3480, stack(0x000000cd5dd00000,0x000000cd5de00000)]

Other Threads:
  0x000002b118edeaa0 VMThread "VM Thread" [stack: 0x000000cd5c400000,0x000000cd5c500000] [id=27976]
  0x000002b1320c7a90 WatcherThread [stack: 0x000000cd5d100000,0x000000cd5d200000] [id=13768]
  0x000002b118e4cf00 GCTaskThread "GC Thread#0" [stack: 0x000000cd5c300000,0x000000cd5c400000] [id=19728]
  0x000002b13353ce30 GCTaskThread "GC Thread#1" [stack: 0x000000cd5d200000,0x000000cd5d300000] [id=6624]
  0x000002b133d773d0 GCTaskThread "GC Thread#2" [stack: 0x000000cd5d300000,0x000000cd5d400000] [id=18344]
  0x000002b133d77690 GCTaskThread "GC Thread#3" [stack: 0x000000cd5d400000,0x000000cd5d500000] [id=14600]
  0x000002b133a94ce0 GCTaskThread "GC Thread#4" [stack: 0x000000cd5d500000,0x000000cd5d600000] [id=32248]
  0x000002b133a94fa0 GCTaskThread "GC Thread#5" [stack: 0x000000cd5d600000,0x000000cd5d700000] [id=30640]
  0x000002b133a95260 GCTaskThread "GC Thread#6" [stack: 0x000000cd5d700000,0x000000cd5d800000] [id=22080]
  0x000002b133e4e300 GCTaskThread "GC Thread#7" [stack: 0x000000cd5cf00000,0x000000cd5d000000] [id=34000]

Threads with active compile tasks:
C2 CompilerThread0     3293 2091       4       org.eclipse.osgi.framework.util.CaseInsensitiveDictionaryMap::findCommonKeyIndex (930 bytes)

VM state: not at safepoint (normal execution)

VM Mutex/Monitor currently owned by a thread: None

Heap address: 0x00000000c0000000, size: 1024 MB, Compressed Oops mode: 32-bit

CDS archive(s) not mapped
Compressed class space mapped at: 0x0000000100000000-0x0000000140000000, reserved size: 1073741824
Narrow klass base: 0x0000000000000000, Narrow klass shift: 3, Narrow klass range: 0x140000000

GC Precious Log:
 CPUs: 12 total, 12 available
 Memory: 16255M
 Large Page Support: Disabled
 NUMA Support: Disabled
 Compressed Oops: Enabled (32-bit)
 Alignments: Space 512K, Generation 512K, Heap 2M
 Heap Min Capacity: 100M
 Heap Initial Capacity: 100M
 Heap Max Capacity: 1G
 Pre-touch: Disabled
 Parallel Workers: 10

Heap:
 PSYoungGen      total 29696K, used 28756K [0x00000000eab00000, 0x00000000ecc00000, 0x0000000100000000)
  eden space 25600K, 96% used [0x00000000eab00000,0x00000000ec318008,0x00000000ec400000)
  from space 4096K, 99% used [0x00000000ec800000,0x00000000ecbfd000,0x00000000ecc00000)
  to   space 4096K, 0% used [0x00000000ec400000,0x00000000ec400000,0x00000000ec800000)
 ParOldGen       total 68608K, used 1490K [0x00000000c0000000, 0x00000000c4300000, 0x00000000eab00000)
  object space 68608K, 2% used [0x00000000c0000000,0x00000000c0174b80,0x00000000c4300000)
 Metaspace       used 16194K, committed 16384K, reserved 1114112K
  class space    used 1631K, committed 1728K, reserved 1048576K

Card table byte_map: [0x000002b1187e0000,0x000002b1189f0000] _byte_map_base: 0x000002b1181e0000

Marking Bits: (ParMarkBitMap*) 0x00007fff15326940
 Begin Bits: [0x000002b12aac0000, 0x000002b12bac0000)
 End Bits:   [0x000002b12bac0000, 0x000002b12cac0000)

Polling page: 0x000002b116db0000

Metaspace:

Usage:
  Non-class:     14.22 MB used.
      Class:      1.59 MB used.
       Both:     15.82 MB used.

Virtual space:
  Non-class space:       64.00 MB reserved,      14.31 MB ( 22%) committed,  1 nodes.
      Class space:        1.00 GB reserved,       1.69 MB ( <1%) committed,  1 nodes.
             Both:        1.06 GB reserved,      16.00 MB (  1%) committed. 

Chunk freelists:
   Non-Class:  896.00 KB
       Class:  14.36 MB
        Both:  15.24 MB

MaxMetaspaceSize: unlimited
CompressedClassSpaceSize: 1.00 GB
Initial GC threshold: 21.00 MB
Current GC threshold: 21.00 MB
CDS: off
MetaspaceReclaimPolicy: balanced
 - commit_granule_bytes: 65536.
 - commit_granule_words: 8192.
 - virtual_space_node_default_size: 8388608.
 - enlarge_chunks_in_place: 1.
 - new_chunks_are_fully_committed: 0.
 - uncommit_free_chunks: 1.
 - use_allocation_guard: 0.
 - handle_deallocations: 1.


Internal statistics:

num_allocs_failed_limit: 0.
num_arena_births: 106.
num_arena_deaths: 0.
num_vsnodes_births: 2.
num_vsnodes_deaths: 0.
num_space_committed: 256.
num_space_uncommitted: 0.
num_chunks_returned_to_freelist: 0.
num_chunks_taken_from_freelist: 344.
num_chunk_merges: 0.
num_chunk_splits: 214.
num_chunks_enlarged: 156.
num_inconsistent_stats: 0.

CodeHeap 'non-profiled nmethods': size=120000Kb used=956Kb max_used=956Kb free=119044Kb
 bounds [0x000002b123590000, 0x000002b123800000, 0x000002b12aac0000]
CodeHeap 'profiled nmethods': size=120000Kb used=3850Kb max_used=3850Kb free=116150Kb
 bounds [0x000002b11bac0000, 0x000002b11be90000, 0x000002b122ff0000]
CodeHeap 'non-nmethods': size=5760Kb used=1166Kb max_used=1192Kb free=4593Kb
 bounds [0x000002b122ff0000, 0x000002b123260000, 0x000002b123590000]
 total_blobs=2552 nmethods=2090 adapters=376
 compilation: enabled
              stopped_count=0, restarted_count=0
 full_count=0

Compilation events (20 events):
Event: 3.222 Thread 0x000002b131de1770 nmethod 2082 0x000002b11be77a90 code [0x000002b11be77c40, 0x000002b11be77d88]
Event: 3.225 Thread 0x000002b131de1770 2083       3       java.security.CodeSource::<init> (52 bytes)
Event: 3.226 Thread 0x000002b131de1770 nmethod 2083 0x000002b11be77e10 code [0x000002b11be77fe0, 0x000002b11be78418]
Event: 3.228 Thread 0x000002b131de1770 2084       3       org.eclipse.osgi.internal.hookregistry.ClassLoaderHook::classLoaderCreated (1 bytes)
Event: 3.229 Thread 0x000002b131de1770 nmethod 2084 0x000002b11be78590 code [0x000002b11be78720, 0x000002b11be78838]
Event: 3.229 Thread 0x000002b131de1770 2085       3       org.eclipse.osgi.internal.framework.EquinoxConfiguration$ConfigValues::getConfiguration (19 bytes)
Event: 3.230 Thread 0x000002b131de1770 nmethod 2085 0x000002b11be78910 code [0x000002b11be78bc0, 0x000002b11be79828]
Event: 3.230 Thread 0x000002b131de1770 2086       3       java.util.zip.ZipFile$Source::checkExtraFields (161 bytes)
Event: 3.231 Thread 0x000002b131de1770 nmethod 2086 0x000002b11be79c90 code [0x000002b11be7a020, 0x000002b11be7bb08]
Event: 3.234 Thread 0x000002b131de1770 2087       3       java.lang.ThreadLocal$ThreadLocalMap::set (133 bytes)
Event: 3.234 Thread 0x000002b131de1770 nmethod 2087 0x000002b11be7c710 code [0x000002b11be7c980, 0x000002b11be7d568]
Event: 3.235 Thread 0x000002b131de1770 2088       3       java.util.stream.StreamSupport::stream (19 bytes)
Event: 3.235 Thread 0x000002b131de1770 nmethod 2088 0x000002b11be7da10 code [0x000002b11be7dbe0, 0x000002b11be7e008]
Event: 3.235 Thread 0x000002b131de1770 2089       3       java.util.WeakHashMap::isEmpty (13 bytes)
Event: 3.235 Thread 0x000002b131de1770 nmethod 2089 0x000002b11be7e210 code [0x000002b11be7e3c0, 0x000002b11be7e608]
Event: 3.235 Thread 0x000002b131de1770 2090       3       java.util.WeakHashMap::size (18 bytes)
Event: 3.235 Thread 0x000002b131de1770 nmethod 2090 0x000002b11be7e710 code [0x000002b11be7e8c0, 0x000002b11be7ea68]
Event: 3.257 Thread 0x000002b131d87ef0 2091       4       org.eclipse.osgi.framework.util.CaseInsensitiveDictionaryMap::findCommonKeyIndex (930 bytes)
Event: 3.258 Thread 0x000002b131de1770 2092   !   3       java.util.concurrent.ConcurrentHashMap::transfer (850 bytes)
Event: 3.261 Thread 0x000002b131de1770 nmethod 2092 0x000002b11be7eb10 code [0x000002b11be7ef20, 0x000002b11be81198]

GC Heap History (4 events):
Event: 1.057 GC heap before
{Heap before GC invocations=1 (full 0):
 PSYoungGen      total 29696K, used 25600K [0x00000000eab00000, 0x00000000ecc00000, 0x0000000100000000)
  eden space 25600K, 100% used [0x00000000eab00000,0x00000000ec400000,0x00000000ec400000)
  from space 4096K, 0% used [0x00000000ec800000,0x00000000ec800000,0x00000000ecc00000)
  to   space 4096K, 0% used [0x00000000ec400000,0x00000000ec400000,0x00000000ec800000)
 ParOldGen       total 68608K, used 0K [0x00000000c0000000, 0x00000000c4300000, 0x00000000eab00000)
  object space 68608K, 0% used [0x00000000c0000000,0x00000000c0000000,0x00000000c4300000)
 Metaspace       used 10957K, committed 11136K, reserved 1114112K
  class space    used 1089K, committed 1152K, reserved 1048576K
}
Event: 1.068 GC heap after
{Heap after GC invocations=1 (full 0):
 PSYoungGen      total 29696K, used 3172K [0x00000000eab00000, 0x00000000ecc00000, 0x0000000100000000)
  eden space 25600K, 0% used [0x00000000eab00000,0x00000000eab00000,0x00000000ec400000)
  from space 4096K, 77% used [0x00000000ec400000,0x00000000ec719340,0x00000000ec800000)
  to   space 4096K, 0% used [0x00000000ec800000,0x00000000ec800000,0x00000000ecc00000)
 ParOldGen       total 68608K, used 0K [0x00000000c0000000, 0x00000000c4300000, 0x00000000eab00000)
  object space 68608K, 0% used [0x00000000c0000000,0x00000000c0000000,0x00000000c4300000)
 Metaspace       used 10957K, committed 11136K, reserved 1114112K
  class space    used 1089K, committed 1152K, reserved 1048576K
}
Event: 1.961 GC heap before
{Heap before GC invocations=2 (full 0):
 PSYoungGen      total 29696K, used 28772K [0x00000000eab00000, 0x00000000ecc00000, 0x0000000100000000)
  eden space 25600K, 100% used [0x00000000eab00000,0x00000000ec400000,0x00000000ec400000)
  from space 4096K, 77% used [0x00000000ec400000,0x00000000ec719340,0x00000000ec800000)
  to   space 4096K, 0% used [0x00000000ec800000,0x00000000ec800000,0x00000000ecc00000)
 ParOldGen       total 68608K, used 0K [0x00000000c0000000, 0x00000000c4300000, 0x00000000eab00000)
  object space 68608K, 0% used [0x00000000c0000000,0x00000000c0000000,0x00000000c4300000)
 Metaspace       used 14359K, committed 14592K, reserved 1114112K
  class space    used 1434K, committed 1536K, reserved 1048576K
}
Event: 1.967 GC heap after
{Heap after GC invocations=2 (full 0):
 PSYoungGen      total 29696K, used 4084K [0x00000000eab00000, 0x00000000ecc00000, 0x0000000100000000)
  eden space 25600K, 0% used [0x00000000eab00000,0x00000000eab00000,0x00000000ec400000)
  from space 4096K, 99% used [0x00000000ec800000,0x00000000ecbfd000,0x00000000ecc00000)
  to   space 4096K, 0% used [0x00000000ec400000,0x00000000ec400000,0x00000000ec800000)
 ParOldGen       total 68608K, used 1490K [0x00000000c0000000, 0x00000000c4300000, 0x00000000eab00000)
  object space 68608K, 2% used [0x00000000c0000000,0x00000000c0174b80,0x00000000c4300000)
 Metaspace       used 14359K, committed 14592K, reserved 1114112K
  class space    used 1434K, committed 1536K, reserved 1048576K
}

Dll operation events (9 events):
Event: 0.012 Loaded shared library c:\Users\deuna\.vscode\extensions\redhat.java-1.36.0-win32-x64\jre\17.0.13-win32-x86_64\bin\java.dll
Event: 0.292 Loaded shared library c:\Users\deuna\.vscode\extensions\redhat.java-1.36.0-win32-x64\jre\17.0.13-win32-x86_64\bin\zip.dll
Event: 0.296 Loaded shared library C:\Users\deuna\.vscode\extensions\redhat.java-1.36.0-win32-x64\jre\17.0.13-win32-x86_64\bin\instrument.dll
Event: 0.312 Loaded shared library C:\Users\deuna\.vscode\extensions\redhat.java-1.36.0-win32-x64\jre\17.0.13-win32-x86_64\bin\net.dll
Event: 0.315 Loaded shared library C:\Users\deuna\.vscode\extensions\redhat.java-1.36.0-win32-x64\jre\17.0.13-win32-x86_64\bin\nio.dll
Event: 0.323 Loaded shared library C:\Users\deuna\.vscode\extensions\redhat.java-1.36.0-win32-x64\jre\17.0.13-win32-x86_64\bin\zip.dll
Event: 0.348 Loaded shared library C:\Users\deuna\.vscode\extensions\redhat.java-1.36.0-win32-x64\jre\17.0.13-win32-x86_64\bin\jimage.dll
Event: 0.421 Loaded shared library c:\Users\deuna\.vscode\extensions\redhat.java-1.36.0-win32-x64\jre\17.0.13-win32-x86_64\bin\verify.dll
Event: 1.677 Loaded shared library C:\Users\deuna\AppData\Roaming\Code\User\globalStorage\redhat.java\1.36.0\config_win\org.eclipse.equinox.launcher\org.eclipse.equinox.launcher.win32.win32.x86_64_1.2.1100.v20240722-2106\eclipse_11904.dll

Deoptimization events (20 events):
Event: 2.931 Thread 0x000002b133e75440 DEOPT PACKING pc=0x000002b1235a8470 sp=0x000000cd5dbfe190
Event: 2.931 Thread 0x000002b133e75440 DEOPT UNPACKING pc=0x000002b1230466a3 sp=0x000000cd5dbfe060 mode 2
Event: 2.931 Thread 0x000002b133e75440 Uncommon trap: trap_request=0xffffff45 fr.pc=0x000002b1235cd640 relative=0x0000000000000420
Event: 2.931 Thread 0x000002b133e75440 Uncommon trap: reason=unstable_if action=reinterpret pc=0x000002b1235cd640 method=java.lang.String.substring(II)Ljava/lang/String; @ 31 c2
Event: 2.931 Thread 0x000002b133e75440 DEOPT PACKING pc=0x000002b1235cd640 sp=0x000000cd5dbfe140
Event: 2.931 Thread 0x000002b133e75440 DEOPT UNPACKING pc=0x000002b1230466a3 sp=0x000000cd5dbfe110 mode 2
Event: 2.997 Thread 0x000002b133e75440 Uncommon trap: trap_request=0xffffff45 fr.pc=0x000002b1235af130 relative=0x0000000000000130
Event: 2.997 Thread 0x000002b133e75440 Uncommon trap: reason=unstable_if action=reinterpret pc=0x000002b1235af130 method=java.lang.StringCoding.hasNegatives([BII)Z @ 12 c2
Event: 2.997 Thread 0x000002b133e75440 DEOPT PACKING pc=0x000002b1235af130 sp=0x000000cd5dbfd600
Event: 2.997 Thread 0x000002b133e75440 DEOPT UNPACKING pc=0x000002b1230466a3 sp=0x000000cd5dbfd590 mode 2
Event: 3.003 Thread 0x000002b133e75440 DEOPT PACKING pc=0x000002b11be4d1ca sp=0x000000cd5dbfd600
Event: 3.003 Thread 0x000002b133e75440 DEOPT UNPACKING pc=0x000002b123046e43 sp=0x000000cd5dbfca88 mode 0
Event: 3.012 Thread 0x000002b133e75440 DEOPT PACKING pc=0x000002b11be4d1ca sp=0x000000cd5dbfd600
Event: 3.012 Thread 0x000002b133e75440 DEOPT UNPACKING pc=0x000002b123046e43 sp=0x000000cd5dbfca88 mode 0
Event: 3.054 Thread 0x000002b133e75440 Uncommon trap: trap_request=0xffffff45 fr.pc=0x000002b123609e9c relative=0x000000000000017c
Event: 3.054 Thread 0x000002b133e75440 Uncommon trap: reason=unstable_if action=reinterpret pc=0x000002b123609e9c method=java.lang.String.startsWith(Ljava/lang/String;I)Z @ 50 c2
Event: 3.054 Thread 0x000002b133e75440 DEOPT PACKING pc=0x000002b123609e9c sp=0x000000cd5dbfe550
Event: 3.054 Thread 0x000002b133e75440 DEOPT UNPACKING pc=0x000002b1230466a3 sp=0x000000cd5dbfe458 mode 2
Event: 3.057 Thread 0x000002b133e75440 DEOPT PACKING pc=0x000002b11be4d1ca sp=0x000000cd5dbfd9c0
Event: 3.057 Thread 0x000002b133e75440 DEOPT UNPACKING pc=0x000002b123046e43 sp=0x000000cd5dbfce60 mode 0

Classes loaded (20 events):
Event: 2.515 Loading class java/util/stream/FindOps$FindSink$OfInt
Event: 2.515 Loading class java/util/stream/Sink$OfInt
Event: 2.515 Loading class java/util/function/IntConsumer
Event: 2.516 Loading class java/util/function/IntConsumer done
Event: 2.516 Loading class java/util/stream/Sink$OfInt done
Event: 2.516 Loading class java/util/stream/FindOps$FindSink$OfInt done
Event: 2.516 Loading class java/util/OptionalInt
Event: 2.516 Loading class java/util/OptionalInt done
Event: 2.518 Loading class java/util/stream/IntPipeline$10$1
Event: 2.518 Loading class java/util/stream/Sink$ChainedInt
Event: 2.518 Loading class java/util/stream/Sink$ChainedInt done
Event: 2.519 Loading class java/util/stream/IntPipeline$10$1 done
Event: 2.519 Loading class java/lang/StringUTF16$CharsSpliterator
Event: 2.521 Loading class java/lang/StringUTF16$CharsSpliterator done
Event: 2.521 Loading class java/lang/CharacterData00
Event: 2.521 Loading class java/lang/CharacterData00 done
Event: 2.524 Loading class java/time/LocalTime$1
Event: 2.525 Loading class java/time/LocalTime$1 done
Event: 2.525 Loading class java/util/Formattable
Event: 2.525 Loading class java/util/Formattable done

Classes unloaded (0 events):
No events

Classes redefined (0 events):
No events

Internal exceptions (20 events):
Event: 0.968 Thread 0x000002b118e33d80 Exception <a 'java/io/FileNotFoundException'{0x00000000ec12ffc8}> (0x00000000ec12ffc8) 
thrown [s\src\hotspot\share\prims\jni.cpp, line 516]
Event: 1.007 Thread 0x000002b118e33d80 Implicit null exception at 0x000002b1235db660 to 0x000002b1235dc074
Event: 1.007 Thread 0x000002b118e33d80 Implicit null exception at 0x000002b1235dfa0e to 0x000002b1235dfc7c
Event: 1.007 Thread 0x000002b118e33d80 Implicit null exception at 0x000002b1235e170c to 0x000002b1235e1940
Event: 1.007 Thread 0x000002b118e33d80 Implicit null exception at 0x000002b1235dc98f to 0x000002b1235dca09
Event: 1.071 Thread 0x000002b118e33d80 Exception <a 'java/lang/NoSuchMethodError'{0x00000000eab12470}: 'int java.lang.invoke.DirectMethodHandle$Holder.invokeStaticInit(java.lang.Object, java.lang.Object, java.lang.Object, java.lang.Object)'> (0x00000000eab12470) 
thrown [s\src\hotspot\share\interpreter\linkResolver.cpp, line 759]
Event: 1.073 Thread 0x000002b118e33d80 Exception <a 'java/lang/NoSuchMethodError'{0x00000000eab1cbd8}: 'java.lang.Object java.lang.invoke.DirectMethodHandle$Holder.invokeInterface(java.lang.Object, java.lang.Object)'> (0x00000000eab1cbd8) 
thrown [s\src\hotspot\share\interpreter\linkResolver.cpp, line 759]
Event: 1.073 Thread 0x000002b118e33d80 Exception <a 'java/lang/IncompatibleClassChangeError'{0x00000000eab203d0}: Found class java.lang.Object, but interface was expected> (0x00000000eab203d0) 
thrown [s\src\hotspot\share\interpreter\linkResolver.cpp, line 826]
Event: 1.074 Thread 0x000002b118e33d80 Exception <a 'java/lang/NoSuchMethodError'{0x00000000eab248b0}: 'void java.lang.invoke.DirectMethodHandle$Holder.invokeStatic(java.lang.Object, java.lang.Object)'> (0x00000000eab248b0) 
thrown [s\src\hotspot\share\interpreter\linkResolver.cpp, line 759]
Event: 1.074 Thread 0x000002b118e33d80 Exception <a 'java/lang/NoSuchMethodError'{0x00000000eab280b0}: 'void java.lang.invoke.DirectMethodHandle$Holder.invokeStaticInit(java.lang.Object, java.lang.Object)'> (0x00000000eab280b0) 
thrown [s\src\hotspot\share\interpreter\linkResolver.cpp, line 759]
Event: 1.075 Thread 0x000002b118e33d80 Exception <a 'java/lang/NoSuchMethodError'{0x00000000eab2f5d0}: 'int java.lang.invoke.DirectMethodHandle$Holder.invokeStaticInit(java.lang.Object, java.lang.Object)'> (0x00000000eab2f5d0) 
thrown [s\src\hotspot\share\interpreter\linkResolver.cpp, line 759]
Event: 1.123 Thread 0x000002b118e33d80 Exception <a 'java/lang/NoSuchMethodError'{0x00000000eacbd490}: 'void java.lang.invoke.DirectMethodHandle$Holder.invokeSpecial(java.lang.Object, java.lang.Object, java.lang.Object)'> (0x00000000eacbd490) 
thrown [s\src\hotspot\share\interpreter\linkResolver.cpp, line 759]
Event: 1.428 Thread 0x000002b118e33d80 Exception <a 'java/lang/NoSuchMethodError'{0x00000000eba8dd28}: 'java.lang.Object java.lang.invoke.DirectMethodHandle$Holder.newInvokeSpecial(java.lang.Object, int, java.lang.Object)'> (0x00000000eba8dd28) 
thrown [s\src\hotspot\share\interpreter\linkResolver.cpp, line 759]
Event: 1.674 Thread 0x000002b118e33d80 Exception <a 'java/lang/UnsatisfiedLinkError'{0x00000000ec070410}: 'void org.eclipse.equinox.launcher.JNIBridge._update_splash()'> (0x00000000ec070410) 
thrown [s\src\hotspot\share\prims\nativeLookup.cpp, line 543]
Event: 1.688 Thread 0x000002b133fda470 Exception <a 'java/lang/NoSuchMethodError'{0x00000000ec19a710}: 'java.lang.Object java.lang.invoke.Invokers$Holder.invokeExact_MT(java.lang.Object, java.lang.Object, java.lang.Object, java.lang.Object, java.lang.Object, java.lang.Object)'> (0x00000000ec19a710) 
thrown [s\src\hotspot\share\interpreter\linkResolver.cpp, line 759]
Event: 1.689 Thread 0x000002b133fda470 Exception <a 'java/lang/NoSuchMethodError'{0x00000000ec1ae3b0}: 'int java.lang.invoke.DirectMethodHandle$Holder.invokeSpecial(java.lang.Object, java.lang.Object, java.lang.Object)'> (0x00000000ec1ae3b0) 
thrown [s\src\hotspot\share\interpreter\linkResolver.cpp, line 759]
Event: 2.288 Thread 0x000002b133e75440 Exception <a 'java/lang/NoSuchMethodError'{0x00000000eadd6700}: 'java.lang.Object java.lang.invoke.DirectMethodHandle$Holder.invokeStaticInit(java.lang.Object)'> (0x00000000eadd6700) 
thrown [s\src\hotspot\share\interpreter\linkResolver.cpp, line 759]
Event: 2.363 Thread 0x000002b133e75440 Exception <a 'java/lang/NoSuchMethodError'{0x00000000eaeca430}: 'java.lang.Object java.lang.invoke.DirectMethodHandle$Holder.newInvokeSpecial(java.lang.Object, java.lang.Object, int, java.lang.Object)'> (0x00000000eaeca430) 
thrown [s\src\hotspot\share\interpreter\linkResolver.cpp, line 759]
Event: 2.364 Thread 0x000002b133e75440 Exception <a 'java/lang/NoSuchMethodError'{0x00000000eaece718}: 'java.lang.Object java.lang.invoke.DirectMethodHandle$Holder.invokeSpecial(java.lang.Object, java.lang.Object, java.lang.Object, int, java.lang.Object)'> (0x00000000eaece718) 
thrown [s\src\hotspot\share\interpreter\linkResolver.cpp, line 759]
Event: 2.424 Thread 0x000002b133e75440 Exception <a 'java/lang/ClassNotFoundException'{0x00000000eb111478}: sun/util/logging/resources/spi/loggingProvider> (0x00000000eb111478) 
thrown [s\src\hotspot\share\classfile\systemDictionary.cpp, line 256]

VM Operations (20 events):
Event: 1.391 Executing VM operation: HandshakeAllThreads
Event: 1.393 Executing VM operation: HandshakeAllThreads done
Event: 1.394 Executing VM operation: HandshakeAllThreads
Event: 1.394 Executing VM operation: HandshakeAllThreads done
Event: 1.400 Executing VM operation: HandshakeAllThreads
Event: 1.401 Executing VM operation: HandshakeAllThreads done
Event: 1.422 Executing VM operation: HandshakeAllThreads
Event: 1.422 Executing VM operation: HandshakeAllThreads done
Event: 1.961 Executing VM operation: ParallelGCFailedAllocation
Event: 1.967 Executing VM operation: ParallelGCFailedAllocation done
Event: 2.270 Executing VM operation: HandshakeAllThreads
Event: 2.270 Executing VM operation: HandshakeAllThreads done
Event: 2.396 Executing VM operation: HandshakeAllThreads
Event: 2.396 Executing VM operation: HandshakeAllThreads done
Event: 2.491 Executing VM operation: HandshakeAllThreads
Event: 2.491 Executing VM operation: HandshakeAllThreads done
Event: 2.522 Executing VM operation: HandshakeAllThreads
Event: 2.522 Executing VM operation: HandshakeAllThreads done
Event: 2.555 Executing VM operation: HandshakeAllThreads
Event: 2.555 Executing VM operation: HandshakeAllThreads done

Memory protections (0 events):
No events

Nmethod flushes (0 events):
No events

Events (20 events):
Event: 0.179 Thread 0x000002b118e33d80 Thread added: 0x000002b131d833c0
Event: 0.179 Thread 0x000002b118e33d80 Thread added: 0x000002b131d83c90
Event: 0.180 Thread 0x000002b118e33d80 Thread added: 0x000002b131d84760
Event: 0.180 Thread 0x000002b118e33d80 Thread added: 0x000002b131d85230
Event: 0.180 Thread 0x000002b118e33d80 Thread added: 0x000002b131d87ef0
Event: 0.184 Thread 0x000002b118e33d80 Thread added: 0x000002b131de1770
Event: 0.184 Thread 0x000002b118e33d80 Thread added: 0x000002b131dec430
Event: 0.244 Thread 0x000002b118e33d80 Thread added: 0x000002b131e70c60
Event: 0.279 Thread 0x000002b131de1770 Thread added: 0x000002b118e959b0
Event: 0.542 Thread 0x000002b118e33d80 Thread added: 0x000002b1320c75b0
Event: 0.760 Thread 0x000002b131de1770 Thread added: 0x000002b13353ce30
Event: 1.044 Thread 0x000002b13353ce30 Thread exited: 0x000002b13353ce30
Event: 1.383 Thread 0x000002b118e33d80 Thread added: 0x000002b133d467c0
Event: 1.674 Thread 0x000002b118e33d80 Thread added: 0x000002b133fda470
Event: 1.713 Thread 0x000002b133fda470 Thread added: 0x000002b13421a550
Event: 1.765 Thread 0x000002b118e33d80 Thread added: 0x000002b133e75440
Event: 1.944 Thread 0x000002b118e959b0 Thread exited: 0x000002b118e959b0
Event: 2.570 Thread 0x000002b131d87ef0 Thread added: 0x000002b13408e520
Event: 2.930 Thread 0x000002b133e75440 Thread added: 0x000002b1344c7a40
Event: 2.954 Thread 0x000002b13408e520 Thread exited: 0x000002b13408e520


Dynamic libraries:
0x00007ff6f42f0000 - 0x00007ff6f42fe000 	c:\Users\deuna\.vscode\extensions\redhat.java-1.36.0-win32-x64\jre\17.0.13-win32-x86_64\bin\java.exe
0x00007fffd9150000 - 0x00007fffd9367000 	C:\Windows\SYSTEM32\ntdll.dll
0x00007fffd7f10000 - 0x00007fffd7fd4000 	C:\Windows\System32\KERNEL32.DLL
0x00007fffd6ab0000 - 0x00007fffd6e69000 	C:\Windows\System32\KERNELBASE.dll
0x00007fffd6610000 - 0x00007fffd6721000 	C:\Windows\System32\ucrtbase.dll
0x00007fff1e440000 - 0x00007fff1e457000 	c:\Users\deuna\.vscode\extensions\redhat.java-1.36.0-win32-x64\jre\17.0.13-win32-x86_64\bin\jli.dll
0x00007fffd8c30000 - 0x00007fffd8dde000 	C:\Windows\System32\USER32.dll
0x00007fffd6820000 - 0x00007fffd6846000 	C:\Windows\System32\win32u.dll
0x00007fffd9060000 - 0x00007fffd9089000 	C:\Windows\System32\GDI32.dll
0x00007fffd6450000 - 0x00007fffd656b000 	C:\Windows\System32\gdi32full.dll
0x00007fffd6570000 - 0x00007fffd660a000 	C:\Windows\System32\msvcp_win.dll
0x00007fff492c0000 - 0x00007fff492de000 	c:\Users\deuna\.vscode\extensions\redhat.java-1.36.0-win32-x64\jre\17.0.13-win32-x86_64\bin\VCRUNTIME140.dll
0x00007fffd56a0000 - 0x00007fffd5932000 	C:\Windows\WinSxS\amd64_microsoft.windows.common-controls_6595b64144ccf1df_6.0.22621.4391_none_2715d37f73803e96\COMCTL32.dll
0x00007fffd8b80000 - 0x00007fffd8c27000 	C:\Windows\System32\msvcrt.dll
0x00007fffd6e70000 - 0x00007fffd6ea1000 	C:\Windows\System32\IMM32.DLL
0x00007fffb33d0000 - 0x00007fffb33dc000 	c:\Users\deuna\.vscode\extensions\redhat.java-1.36.0-win32-x64\jre\17.0.13-win32-x86_64\bin\vcruntime140_1.dll
0x00007fff1d920000 - 0x00007fff1d9ad000 	c:\Users\deuna\.vscode\extensions\redhat.java-1.36.0-win32-x64\jre\17.0.13-win32-x86_64\bin\msvcp140.dll
0x00007fff14780000 - 0x00007fff153eb000 	c:\Users\deuna\.vscode\extensions\redhat.java-1.36.0-win32-x64\jre\17.0.13-win32-x86_64\bin\server\jvm.dll
0x00007fffd8450000 - 0x00007fffd8502000 	C:\Windows\System32\ADVAPI32.dll
0x00007fffd7850000 - 0x00007fffd78f7000 	C:\Windows\System32\sechost.dll
0x00007fffd6730000 - 0x00007fffd6758000 	C:\Windows\System32\bcrypt.dll
0x00007fffd7730000 - 0x00007fffd7844000 	C:\Windows\System32\RPCRT4.dll
0x00007fffd9090000 - 0x00007fffd9101000 	C:\Windows\System32\WS2_32.dll
0x00007fffd5d60000 - 0x00007fffd5dad000 	C:\Windows\SYSTEM32\POWRPROF.dll
0x00007fffceb00000 - 0x00007fffceb34000 	C:\Windows\SYSTEM32\WINMM.dll
0x00007fffcca60000 - 0x00007fffcca6a000 	C:\Windows\SYSTEM32\VERSION.dll
0x00007fffd5a30000 - 0x00007fffd5a43000 	C:\Windows\SYSTEM32\UMPDC.dll
0x00007fffd4b90000 - 0x00007fffd4ba8000 	C:\Windows\SYSTEM32\kernel.appcore.dll
0x00007fffb2b80000 - 0x00007fffb2b8a000 	c:\Users\deuna\.vscode\extensions\redhat.java-1.36.0-win32-x64\jre\17.0.13-win32-x86_64\bin\jimage.dll
0x00007fffd5db0000 - 0x00007fffd5fe2000 	C:\Windows\SYSTEM32\DBGHELP.DLL
0x00007fffd8090000 - 0x00007fffd841f000 	C:\Windows\System32\combase.dll
0x00007fffd7e30000 - 0x00007fffd7f07000 	C:\Windows\System32\OLEAUT32.dll
0x00007fffd5c30000 - 0x00007fffd5c62000 	C:\Windows\SYSTEM32\dbgcore.DLL
0x00007fffd68c0000 - 0x00007fffd693b000 	C:\Windows\System32\bcryptPrimitives.dll
0x00007ffface10000 - 0x00007ffface1e000 	c:\Users\deuna\.vscode\extensions\redhat.java-1.36.0-win32-x64\jre\17.0.13-win32-x86_64\bin\instrument.dll
0x00007fff1d880000 - 0x00007fff1d8a5000 	c:\Users\deuna\.vscode\extensions\redhat.java-1.36.0-win32-x64\jre\17.0.13-win32-x86_64\bin\java.dll
0x00007fff17110000 - 0x00007fff17128000 	c:\Users\deuna\.vscode\extensions\redhat.java-1.36.0-win32-x64\jre\17.0.13-win32-x86_64\bin\zip.dll
0x00007fffd6eb0000 - 0x00007fffd7726000 	C:\Windows\System32\SHELL32.dll
0x00007fffd3940000 - 0x00007fffd4243000 	C:\Windows\SYSTEM32\windows.storage.dll
0x00007fffd37c0000 - 0x00007fffd38ff000 	C:\Windows\SYSTEM32\wintypes.dll
0x00007fffd7a20000 - 0x00007fffd7b19000 	C:\Windows\System32\SHCORE.dll
0x00007fffd8f70000 - 0x00007fffd8fce000 	C:\Windows\System32\shlwapi.dll
0x00007fffd6380000 - 0x00007fffd63ab000 	C:\Windows\SYSTEM32\profapi.dll
0x00007fff17170000 - 0x00007fff17189000 	C:\Users\deuna\.vscode\extensions\redhat.java-1.36.0-win32-x64\jre\17.0.13-win32-x86_64\bin\net.dll
0x00007fffcff10000 - 0x00007fffd0046000 	C:\Windows\SYSTEM32\WINHTTP.dll
0x00007fffd5020000 - 0x00007fffd5089000 	C:\Windows\system32\mswsock.dll
0x00007fff16660000 - 0x00007fff16676000 	C:\Users\deuna\.vscode\extensions\redhat.java-1.36.0-win32-x64\jre\17.0.13-win32-x86_64\bin\nio.dll
0x00007fffb4e60000 - 0x00007fffb4e70000 	c:\Users\deuna\.vscode\extensions\redhat.java-1.36.0-win32-x64\jre\17.0.13-win32-x86_64\bin\verify.dll
0x00007fff5bd00000 - 0x00007fff5bd45000 	C:\Users\deuna\AppData\Roaming\Code\User\globalStorage\redhat.java\1.36.0\config_win\org.eclipse.equinox.launcher\org.eclipse.equinox.launcher.win32.win32.x86_64_1.2.1100.v20240722-2106\eclipse_11904.dll
0x00007fffd7b20000 - 0x00007fffd7cc5000 	C:\Windows\System32\ole32.dll

dbghelp: loaded successfully - version: 4.0.5 - missing functions: none
symbol engine: initialized successfully - sym options: 0x614 - pdb path: .;c:\Users\deuna\.vscode\extensions\redhat.java-1.36.0-win32-x64\jre\17.0.13-win32-x86_64\bin;C:\Windows\SYSTEM32;C:\Windows\WinSxS\amd64_microsoft.windows.common-controls_6595b64144ccf1df_6.0.22621.4391_none_2715d37f73803e96;c:\Users\deuna\.vscode\extensions\redhat.java-1.36.0-win32-x64\jre\17.0.13-win32-x86_64\bin\server;C:\Users\deuna\AppData\Roaming\Code\User\globalStorage\redhat.java\1.36.0\config_win\org.eclipse.equinox.launcher\org.eclipse.equinox.launcher.win32.win32.x86_64_1.2.1100.v20240722-2106

VM Arguments:
jvm_args: --add-modules=ALL-SYSTEM --add-opens=java.base/java.util=ALL-UNNAMED --add-opens=java.base/java.lang=ALL-UNNAMED --add-opens=java.base/sun.nio.fs=ALL-UNNAMED -Declipse.application=org.eclipse.jdt.ls.core.id1 -Dosgi.bundles.defaultStartLevel=4 -Declipse.product=org.eclipse.jdt.ls.core.product -Djava.import.generatesMetadataFilesAtProjectRoot=false -DDetectVMInstallationsJob.disabled=true -Dfile.encoding=utf8 -XX:+UseParallelGC -XX:GCTimeRatio=4 -XX:AdaptiveSizePolicyWeight=90 -Dsun.zip.disableMemoryMapping=true -Xmx1G -Xms100m -Xlog:disable -javaagent:c:\Users\deuna\.vscode\extensions\redhat.java-1.36.0-win32-x64\lombok\lombok-1.18.35.jar -XX:+HeapDumpOnOutOfMemoryError -XX:HeapDumpPath=c:\Users\deuna\AppData\Roaming\Code\User\workspaceStorage\9980a723879d470fa80fbb1e67ecc884\redhat.java -Daether.dependencyCollector.impl=bf 
java_command: c:\Users\deuna\.vscode\extensions\redhat.java-1.36.0-win32-x64\server\plugins\org.eclipse.equinox.launcher_1.6.900.v20240613-2009.jar -configuration c:\Users\deuna\AppData\Roaming\Code\User\globalStorage\redhat.java\1.36.0\config_win -data c:\Users\deuna\AppData\Roaming\Code\User\workspaceStorage\9980a723879d470fa80fbb1e67ecc884\redhat.java\jdt_ws --pipe=\\.\pipe\lsp-0d4a4d78542b3b52fd3878de91152210-sock
java_class_path (initial): c:\Users\deuna\.vscode\extensions\redhat.java-1.36.0-win32-x64\server\plugins\org.eclipse.equinox.launcher_1.6.900.v20240613-2009.jar
Launcher Type: SUN_STANDARD

[Global flags]
    uintx AdaptiveSizePolicyWeight                 = 90                                        {product} {command line}
     intx CICompilerCount                          = 4                                         {product} {ergonomic}
    uintx GCTimeRatio                              = 4                                         {product} {command line}
     bool HeapDumpOnOutOfMemoryError               = true                                   {manageable} {command line}
    ccstr HeapDumpPath                             = c:\Users\deuna\AppData\Roaming\Code\User\workspaceStorage\9980a723879d470fa80fbb1e67ecc884\redhat.java         {manageable} {command line}
   size_t InitialHeapSize                          = 104857600                                 {product} {command line}
   size_t MaxHeapSize                              = 1073741824                                {product} {command line}
   size_t MaxNewSize                               = 357564416                                 {product} {ergonomic}
   size_t MinHeapDeltaBytes                        = 524288                                    {product} {ergonomic}
   size_t MinHeapSize                              = 104857600                                 {product} {command line}
   size_t NewSize                                  = 34603008                                  {product} {ergonomic}
    uintx NonNMethodCodeHeapSize                   = 5839372                                {pd product} {ergonomic}
    uintx NonProfiledCodeHeapSize                  = 122909434                              {pd product} {ergonomic}
   size_t OldSize                                  = 70254592                                  {product} {ergonomic}
    uintx ProfiledCodeHeapSize                     = 122909434                              {pd product} {ergonomic}
    uintx ReservedCodeCacheSize                    = 251658240                              {pd product} {ergonomic}
     bool SegmentedCodeCache                       = true                                      {product} {ergonomic}
   size_t SoftMaxHeapSize                          = 1073741824                             {manageable} {ergonomic}
     bool UseCompressedClassPointers               = true                           {product lp64_product} {ergonomic}
     bool UseCompressedOops                        = true                           {product lp64_product} {ergonomic}
     bool UseLargePagesIndividualAllocation        = false                                  {pd product} {ergonomic}
     bool UseParallelGC                            = true                                      {product} {command line}

Logging:
Log output configuration:
 #0: stdout all=off uptime,level,tags
 #1: stderr all=off uptime,level,tags

Environment Variables:
PATH=C:\Users\deuna\AppData\Local\cloud-code\installer\google-cloud-sdk\bin;A:\src\flutter\bin;C:\Program Files\Common Files\Oracle\Java\javapath;C:\Program Files (x86)\Common Files\Oracle\Java\javapath;C:\Windows\system32;C:\Windows;C:\Windows\System32\Wbem;C:\Windows\System32\WindowsPowerShell\v1.0\;C:\Windows\System32\OpenSSH\;C:\Program Files\NVIDIA Corporation\NVIDIA NvDLISR;C:\Program Files (x86)\NVIDIA Corporation\PhysX\Common;C:\Program Files\Go\bin;C:\Program Files\Microsoft SQL Server\150\Tools\Binn\;C:\Program Files\Microsoft SQL Server\Client SDK\ODBC\170\Tools\Binn\;C:\Program Files\dotnet\;C:\Program Files (x86)\Microsoft SQL Server\160\DTS\Binn\;C:\Program Files (x86)\Microsoft SQL Server\160\Tools\Binn\;C:\Program Files\Microsoft SQL Server\160\Tools\Binn\;C:\Program Files\Microsoft SQL Server\160\DTS\Binn\;C:\Program Files (x86)\Griaule\Fingerprint SDK 2009\bin;C:\Program Files\GitHub CLI\;C:\Program File\nodejs\;C:\Program Files (x86)\dotnet\;C:\Program Files\Git\cmd;A:\src\flutter\bin;C:\Program Files\Cloudflare\Cloudflare WARP\;C:\Program Files\nodejs\;C:\ProgramData\chocolatey\bin;C:\Program Files\Docker\Docker\resources\bin;C:\Program Files\MySQL\MySQL Shell 8.0\bin\;C:\Program Files\MySQL\MySQL Shell 8.3\bin\;C:\Users\deuna\AppData\Local\Programs\Python\Python311\Scripts\;C:\Users\deuna\AppData\Local\Programs\Python\Python311\;C:\Users\deuna\AppData\Local\Microsoft\WindowsApps;C:\Users\deuna\AppData\Local\Programs\Microsoft VS Code\bin;C:\Users\deuna\go\bin;C:\Users\deuna\.dotnet\tools;C:\Users\deuna\AppData\Local\Microsoft\WinGet\Packages\Schniz.fnm_Microsoft.Winget.Source_8wekyb3d8bbwe;C:\Users\deuna\AppData\Roaming\npm\node_modules\@angular\cli\bin;C:\Users\deuna\AppData\Roaming\npm\npm.ps1:24;C:\Program File\nodejs\;C:\Program Files\MySQL\MySQL Server 8.0\bin;C:\Users\deuna\AppData\Roaming\npm;C:\Users\deuna\AppData\Local\Google\Cloud SDK\google-cloud-sdk\bin;C:\Program Files (x86)\Google\Cloud SDK\google-cloud-sdk\bin;C:\Program Files\Google
USERNAME=deuna
OS=Windows_NT
PROCESSOR_IDENTIFIER=Intel64 Family 6 Model 165 Stepping 3, GenuineIntel
TMP=C:\Users\deuna\AppData\Local\Temp
TEMP=C:\Users\deuna\AppData\Local\Temp



Periodic native trim disabled


---------------  S Y S T E M  ---------------

OS:
 Windows 11 , 64 bit Build 22621 (10.0.22621.4391)
OS uptime: 0 days 13:28 hours
Hyper-V role detected

CPU: total 12 (initial active 12) (6 cores per cpu, 2 threads per core) family 6 model 165 stepping 3 microcode 0xe0, cx8, cmov, fxsr, ht, mmx, 3dnowpref, sse, sse2, sse3, ssse3, sse4.1, sse4.2, popcnt, lzcnt, tsc, tscinvbit, avx, avx2, aes, erms, clmul, bmi1, bmi2, adx, fma, vzeroupper, clflush, clflushopt, hv
Processor Information for all 12 processors :
  Max Mhz: 2904, Current Mhz: 2904, Mhz Limit: 2904

Memory: 4k page, system-wide physical 16255M (847M free)
TotalPageFile size 24946M (AvailPageFile size 6M)
current process WorkingSet (physical memory assigned to process): 100M, peak: 100M
current process commit charge ("private bytes"): 221M, peak: 221M

vm_info: OpenJDK 64-Bit Server VM (17.0.13+11) for windows-amd64 JRE (17.0.13+11), built on Oct 16 2024 00:10:08 by "admin" with MS VC++ 17.7 (VS2022)

END.
